2022-10-30 15:35:20.228 [main] INFO  o.s.c.b.c.PropertySourceBootstrapConfiguration - Located property source: [BootstrapPropertySource {name='bootstrapProperties-austin-web-dev.yaml,AUSTIN'}, BootstrapPropertySource {name='bootstrapProperties-austin-web.yaml,AUSTIN'}, BootstrapPropertySource {name='bootstrapProperties-austin-web,AUSTIN'}]
2022-10-30 15:35:20.270 [main] INFO  com.quan.austin.AustinWebApplication - The following profiles are active: dev
2022-10-30 15:35:21.087 [main] INFO  o.springframework.cloud.context.scope.GenericScope - BeanFactory id=c108c737-9b4d-3ce6-a61d-bf9b2c926fbe
2022-10-30 15:35:21.361 [main] INFO  o.s.boot.web.embedded.tomcat.TomcatWebServer - Tomcat initialized with port(s): 9001 (http)
2022-10-30 15:35:21.376 [main] INFO  org.apache.coyote.http11.Http11NioProtocol - Initializing ProtocolHandler ["http-nio-9001"]
2022-10-30 15:35:21.377 [main] INFO  org.apache.catalina.core.StandardService - Starting service [Tomcat]
2022-10-30 15:35:21.377 [main] INFO  org.apache.catalina.core.StandardEngine - Starting Servlet engine: [Apache Tomcat/9.0.56]
2022-10-30 15:35:21.513 [main] INFO  o.a.c.core.ContainerBase.[Tomcat].[localhost].[/] - Initializing Spring embedded WebApplicationContext
2022-10-30 15:35:21.513 [main] INFO  o.s.b.w.s.c.ServletWebServerApplicationContext - Root WebApplicationContext: initialization completed in 1223 ms
2022-10-30 15:35:21.743 [main] INFO  o.s.cloud.openfeign.FeignClientFactoryBean - For 'austin-service' URL not provided. Will try picking an instance via load-balancing.
2022-10-30 15:35:22.241 [main] INFO  s.d.s.w.WebMvcPropertySourcedRequestMappingHandlerMapping - Mapped URL path [/v2/api-docs] onto method [springfox.documentation.swagger2.web.Swagger2ControllerWebMvc#getDocumentation(String, HttpServletRequest)]
2022-10-30 15:35:23.761 [main] INFO  org.springframework.cloud.commons.util.InetUtils - Cannot determine local hostname
2022-10-30 15:35:25.189 [main] INFO  org.springframework.cloud.commons.util.InetUtils - Cannot determine local hostname
2022-10-30 15:35:25.311 [main] INFO  com.alibaba.nacos.client.naming - initializer namespace from System Property :null
2022-10-30 15:35:25.311 [main] INFO  com.alibaba.nacos.client.naming - initializer namespace from System Environment :null
2022-10-30 15:35:25.312 [main] INFO  com.alibaba.nacos.client.naming - initializer namespace from System Property :null
2022-10-30 15:35:34.393 [main] INFO  org.apache.coyote.http11.Http11NioProtocol - Starting ProtocolHandler ["http-nio-9001"]
2022-10-30 15:35:34.411 [main] INFO  o.s.boot.web.embedded.tomcat.TomcatWebServer - Tomcat started on port(s): 9001 (http) with context path ''
2022-10-30 15:35:34.414 [main] INFO  com.alibaba.nacos.client.naming - [BEAT] adding beat: BeatInfo{port=9001, ip='192.168.36.1', weight=1.0, serviceName='AUSTIN@@austin-web', cluster='DEFAULT', metadata={preserved.register.source=SPRING_CLOUD}, scheduled=false, period=5000, stopped=false} to beat map.
2022-10-30 15:35:34.416 [main] INFO  com.alibaba.nacos.client.naming - [REGISTER-SERVICE] 0d3921e3-deb3-4867-b2cb-63299010d1f1 registering service AUSTIN@@austin-web with instance: Instance{instanceId='null', ip='192.168.36.1', port=9001, weight=1.0, healthy=true, enabled=true, ephemeral=true, clusterName='DEFAULT', serviceName='null', metadata={preserved.register.source=SPRING_CLOUD}}
2022-10-30 15:35:43.455 [main] INFO  com.alibaba.nacos.client.naming - com.alibaba.nacos.client.naming.beat.BeatReactor do shutdown begin
2022-10-30 15:35:46.481 [main] INFO  com.alibaba.nacos.client.naming - com.alibaba.nacos.client.naming.beat.BeatReactor do shutdown stop
2022-10-30 15:35:46.481 [main] INFO  com.alibaba.nacos.client.naming - com.alibaba.nacos.client.naming.core.HostReactor do shutdown begin
2022-10-30 15:35:49.511 [main] INFO  com.alibaba.nacos.client.naming - com.alibaba.nacos.client.naming.core.PushReceiver do shutdown begin
2022-10-30 15:35:52.529 [main] INFO  com.alibaba.nacos.client.naming - com.alibaba.nacos.client.naming.core.PushReceiver do shutdown stop
2022-10-30 15:35:52.530 [main] INFO  com.alibaba.nacos.client.naming - com.alibaba.nacos.client.naming.backups.FailoverReactor do shutdown begin
2022-10-30 15:35:52.530 [main] INFO  com.alibaba.nacos.client.naming - com.alibaba.nacos.client.naming.backups.FailoverReactor do shutdown stop
2022-10-30 15:35:52.531 [main] INFO  com.alibaba.nacos.client.naming - com.alibaba.nacos.client.naming.core.HostReactor do shutdown stop
2022-10-30 15:35:52.531 [main] INFO  com.alibaba.nacos.client.naming - com.alibaba.nacos.client.naming.net.NamingProxy do shutdown begin
2022-10-30 15:35:52.532 [main] INFO  c.alibaba.nacos.client.identify.CredentialWatcher - [null] CredentialWatcher is stopped
2022-10-30 15:35:52.532 [main] INFO  c.alibaba.nacos.client.identify.CredentialService - [null] CredentialService is freed
2022-10-30 15:35:52.532 [main] INFO  com.alibaba.nacos.client.naming - com.alibaba.nacos.client.naming.net.NamingProxy do shutdown stop
2022-10-30 15:35:52.532 [main] INFO  com.alibaba.nacos.client.naming - initializer namespace from System Property :null
2022-10-30 15:35:52.532 [main] INFO  com.alibaba.nacos.client.naming - initializer namespace from System Environment :null
2022-10-30 15:35:52.533 [main] INFO  com.alibaba.nacos.client.naming - initializer namespace from System Property :null
2022-10-30 15:35:52.755 [main] INFO  org.apache.coyote.http11.Http11NioProtocol - Pausing ProtocolHandler ["http-nio-9001"]
2022-10-30 15:35:52.756 [main] INFO  org.apache.catalina.core.StandardService - Stopping service [Tomcat]
2022-10-30 15:35:52.773 [main] INFO  org.apache.coyote.http11.Http11NioProtocol - Stopping ProtocolHandler ["http-nio-9001"]
2022-10-30 15:35:52.775 [main] INFO  org.apache.coyote.http11.Http11NioProtocol - Destroying ProtocolHandler ["http-nio-9001"]
2022-10-30 15:35:52.781 [main] INFO  o.s.b.a.l.ConditionEvaluationReportLoggingListener - 

Error starting ApplicationContext. To display the conditions report re-run your application with 'debug' enabled.
